
C:\Hardware_Components>call python app.py 
запрос на получение данных --  BuhUch 642303
Филимонов А.В. 2024-08-11 15:29:59.293773
запрос на внесение изменений или добавление новых записей --  Unit {'0': '11', '1': '111', '2': '11', '3': '11', '4': '11', '5': '11', '6': ''}
SUCCESS
Филимонов А.В. 2024-08-11 15:30:07.424708
запрос на удаление --  Unit {"id":1240}
SUCCESS
запрос на получение данных --  ma_add_modules A5GMDC-U362UR01
запрос на получение данных --  ma_add_modules A5GM40-A000UR01
Филимонов А.В. 2024-08-11 15:34:13.708391
запрос на удаление --  ma_add_modules {"id":28}
SUCCESS
Филимонов А.В. 2024-08-11 15:34:15.659670
запрос на удаление --  ma_add_modules {"id":27}
SUCCESS
Филимонов А.В. 2024-08-11 15:34:17.495960
запрос на удаление --  ma_add_modules {"id":26}
SUCCESS
Пользователь Костерев Е.А. вышел 2024-08-11 16:07:01.599454
Terminate batch job (Y/N)? 